  Char.cpp
C:\Users\bhb0104\Documents\git_project\team_project\PocketmonBread\PocketmonBread\Char.cpp(166,15): warning C4244: '=': conversion from 'double' to 'int', possible loss of data
C:\Users\bhb0104\Documents\git_project\team_project\PocketmonBread\PocketmonBread\Char.cpp(167,15): warning C4244: '=': conversion from 'double' to 'int', possible loss of data
C:\Users\bhb0104\Documents\git_project\team_project\PocketmonBread\PocketmonBread\Char.cpp(243,13): warning C4244: 'initializing': conversion from 'double' to 'int', possible loss of data
C:\Users\bhb0104\Documents\git_project\team_project\PocketmonBread\PocketmonBread\Char.cpp(244,12): warning C4244: 'initializing': conversion from 'double' to 'int', possible loss of data
C:\Users\bhb0104\Documents\git_project\team_project\PocketmonBread\PocketmonBread\Char.cpp(245,14): warning C4244: 'initializing': conversion from 'double' to 'int', possible loss of data
C:\Users\bhb0104\Documents\git_project\team_project\PocketmonBread\PocketmonBread\Char.cpp(246,15): warning C4244: 'initializing': conversion from 'double' to 'int', possible loss of data
C:\Users\bhb0104\Documents\git_project\team_project\PocketmonBread\PocketmonBread\Char.cpp(266,13): warning C4244: 'initializing': conversion from 'double' to 'int', possible loss of data
C:\Users\bhb0104\Documents\git_project\team_project\PocketmonBread\PocketmonBread\Char.cpp(267,12): warning C4244: 'initializing': conversion from 'double' to 'int', possible loss of data
C:\Users\bhb0104\Documents\git_project\team_project\PocketmonBread\PocketmonBread\Char.cpp(268,14): warning C4244: 'initializing': conversion from 'double' to 'int', possible loss of data
C:\Users\bhb0104\Documents\git_project\team_project\PocketmonBread\PocketmonBread\Char.cpp(269,15): warning C4244: 'initializing': conversion from 'double' to 'int', possible loss of data
  DelayTimer.cpp
  GameStage1.cpp
C:\Users\bhb0104\Documents\git_project\team_project\PocketmonBread\PocketmonBread\GameStage1.cpp(26,14): warning C4156: deletion of an array expression without using the array form of 'delete'; array form substituted
C:\Users\bhb0104\Documents\git_project\team_project\PocketmonBread\PocketmonBread\GameStage1.cpp(26,14): warning C4154: deletion of an array expression; conversion to pointer supplied
  GameStage2.cpp
C:\Users\bhb0104\Documents\git_project\team_project\PocketmonBread\PocketmonBread\GameStage2.cpp(26,14): warning C4156: deletion of an array expression without using the array form of 'delete'; array form substituted
C:\Users\bhb0104\Documents\git_project\team_project\PocketmonBread\PocketmonBread\GameStage2.cpp(26,14): warning C4154: deletion of an array expression; conversion to pointer supplied
  GameStage3.cpp
C:\Users\bhb0104\Documents\git_project\team_project\PocketmonBread\PocketmonBread\GameStage3.cpp(26,14): warning C4156: deletion of an array expression without using the array form of 'delete'; array form substituted
C:\Users\bhb0104\Documents\git_project\team_project\PocketmonBread\PocketmonBread\GameStage3.cpp(26,14): warning C4154: deletion of an array expression; conversion to pointer supplied
  MainHandler.cpp
C:\Users\bhb0104\Documents\git_project\team_project\PocketmonBread\PocketmonBread\GameStage2.h(13,1): warning C4005: 'DISTANCE': macro redefinition
C:\Users\bhb0104\Documents\git_project\team_project\PocketmonBread\PocketmonBread\GameStage1.h(13): message : see previous definition of 'DISTANCE'
C:\Users\bhb0104\Documents\git_project\team_project\PocketmonBread\PocketmonBread\GameStage2.h(14,1): warning C4005: 'SPEED': macro redefinition
C:\Users\bhb0104\Documents\git_project\team_project\PocketmonBread\PocketmonBread\GameStage1.h(14): message : see previous definition of 'SPEED'
C:\Users\bhb0104\Documents\git_project\team_project\PocketmonBread\PocketmonBread\GameStage3.h(12,1): warning C4005: 'DISTANCE': macro redefinition
C:\Users\bhb0104\Documents\git_project\team_project\PocketmonBread\PocketmonBread\GameStage2.h(13): message : see previous definition of 'DISTANCE'
C:\Users\bhb0104\Documents\git_project\team_project\PocketmonBread\PocketmonBread\GameStage3.h(13,1): warning C4005: 'SPEED': macro redefinition
C:\Users\bhb0104\Documents\git_project\team_project\PocketmonBread\PocketmonBread\GameStage2.h(14): message : see previous definition of 'SPEED'
  ManualWindow.cpp
  Obstacle.cpp
  PhaseChangeEffect.cpp
  PhaseCollection.cpp
  PhaseEnding.cpp
  PhaseIntro.cpp
  PhaseMain.cpp
  PhaseTrueEnding.cpp
  PlatForm.cpp
  RectangleButton.cpp
  Main.cpp
  StoryWindow.cpp
  TTFTextManger.cpp
C:\Users\bhb0104\Documents\git_project\team_project\PocketmonBread\PocketmonBread\TTFTextManger.cpp(18,90): warning C4267: 'argument': conversion from 'size_t' to 'int', possible loss of data
C:\Users\bhb0104\Documents\git_project\team_project\PocketmonBread\PocketmonBread\TTFTextManger.cpp(19,85): warning C4267: 'argument': conversion from 'size_t' to 'int', possible loss of data
  WaringWindow.cpp
  Generating Code...
  PocketmonBread.vcxproj -> C:\Users\bhb0104\Documents\git_project\team_project\PocketmonBread\x64\Debug\PocketmonBread.exe
