  MainHandler.cpp
C:\Users\bhb0104\Documents\git_project\team_project\PocketmonBread\PocketmonBread\GameStage2.h(13,1): warning C4005: 'DISTANCE': macro redefinition
C:\Users\bhb0104\Documents\git_project\team_project\PocketmonBread\PocketmonBread\GameStage1.h(13): message : see previous definition of 'DISTANCE'
C:\Users\bhb0104\Documents\git_project\team_project\PocketmonBread\PocketmonBread\GameStage2.h(14,1): warning C4005: 'SPEED': macro redefinition
C:\Users\bhb0104\Documents\git_project\team_project\PocketmonBread\PocketmonBread\GameStage1.h(14): message : see previous definition of 'SPEED'
C:\Users\bhb0104\Documents\git_project\team_project\PocketmonBread\PocketmonBread\GameStage3.h(12,1): warning C4005: 'DISTANCE': macro redefinition
C:\Users\bhb0104\Documents\git_project\team_project\PocketmonBread\PocketmonBread\GameStage2.h(13): message : see previous definition of 'DISTANCE'
C:\Users\bhb0104\Documents\git_project\team_project\PocketmonBread\PocketmonBread\GameStage3.h(13,1): warning C4005: 'SPEED': macro redefinition
C:\Users\bhb0104\Documents\git_project\team_project\PocketmonBread\PocketmonBread\GameStage2.h(14): message : see previous definition of 'SPEED'
  ManualWindow.cpp
  PhaseCollection.cpp
  PhaseIntro.cpp
  PhaseMain.cpp
  StoryWindow.cpp
  Generating code
  20 of 719 functions ( 2.8%) were compiled, the rest were copied from previous compilation.
    8 functions were new in current compilation
    12 functions had inline decision re-evaluated but remain unchanged
  Finished generating code
  PocketmonBread.vcxproj -> C:\Users\bhb0104\Documents\git_project\team_project\PocketmonBread\x64\Release\PocketmonBread.exe
